[2022-06-23 09:05:12] [1] [WARN] Reporting disabled: using no op test run registrar
[2022-06-23 09:05:12] [1] [INFO] TEST [Default test - testCreateComment] STARTED at [14:05:12 2022-06-23]
[2022-06-23 09:05:12] [1] [INFO] test
[2022-06-23 09:05:12] [1] [INFO] Base properties loaded: api/comments/comment.properties
[2022-06-23 09:05:12] [1] [INFO] Base properties loaded: api/comments/comment.properties
[2022-06-23 09:05:13] [1] [INFO] Request method:	POST
Request URI:	https://jsonplaceholder.typicode.com/comments
Request params:	<none>
Query params:	<none>
Form params:	<none>
Path params:	<none>
Multiparts:		<none>
Cookies:		<none>
Headers:		Accept=*/*
				Content-Type=application/json; charset=UTF-8
Body:
{
    "postId": 1,
    "id": 1,
    "name": "id labore ex et quam laborum",
    "email": "Eliseo@gardner.biz",
    "body": "laudantium enim quasi est quidem magnam voluptate ipsam eos\ntempora quo necessitatibus\ndolor quam autem quasi\nreiciendis et nam sapiente accusantium"
}
HTTP/1.1 201 Created
Date: Thu, 23 Jun 2022 21:05:13 GMT
Content-Type: application/json; charset=utf-8
Content-Length: 270
Connection: keep-alive
X-Powered-By: Express
X-Ratelimit-Limit: 1000
X-Ratelimit-Remaining: 998
X-Ratelimit-Reset: 1656018330
Vary: Origin, X-HTTP-Method-Override, Accept-Encoding
Access-Control-Allow-Credentials: true
Cache-Control: no-cache
Pragma: no-cache
Expires: -1
Access-Control-Expose-Headers: Location
Location: http://jsonplaceholder.typicode.com/comments/501
X-Content-Type-Options: nosniff
Etag: W/"10e-KM5N64AyZbS8FdHtMPEGrrVNQ0g"
Via: 1.1 vegur
CF-Cache-Status: DYNAMIC
Expect-CT: max-age=604800, report-uri="https://report-uri.cloudflare.com/cdn-cgi/beacon/expect-ct"
Report-To: {"endpoints":[{"url":"https:\/\/a.nel.cloudflare.com\/report\/v3?s=pZVWDbg8Jp%2BjyPtf6p3TFj9%2FNaudFPX%2BZEEwZRlpp%2FWnjdNCzAB5xwnPLw1%2F4st%2Bg7JbNPAplGfmAnAYPjIUlZeSGS%2FtAXaIahDmbqKrgkgygOSul2%2FCXB8j6WqGi9yQ%2BmoAcuPIxH%2BI3TwepDkk"}],"group":"cf-nel","max_age":604800}
NEL: {"success_fraction":0,"report_to":"cf-nel","max_age":604800}
Server: cloudflare
CF-RAY: 72002e388c6c6004-SEA
alt-svc: h3=":443"; ma=86400, h3-29=":443"; ma=86400

{
    "postId": 1,
    "id": 501,
    "name": "id labore ex et quam laborum",
    "email": "Eliseo@gardner.biz",
    "body": "laudantium enim quasi est quidem magnam voluptate ipsam eos\ntempora quo necessitatibus\ndolor quam autem quasi\nreiciendis et nam sapiente accusantium"
}

[2022-06-23 09:05:13] [1] [ERROR] TEST [Default test - testCreateComment] FAILED at [14:05:13 2022-06-23] - id
Expected: 1
     got: 501


org.skyscreamer.jsonassert.JSONAssert.assertEquals(JSONAssert.java:482)
org.skyscreamer.jsonassert.JSONAssert.assertEquals(JSONAssert.java:464)
com.qaprosoft.carina.core.foundation.api.AbstractApiMethodV2.validateResponse(AbstractApiMethodV2.java:284)
com.qaprosoft.carina.core.foundation.api.AbstractApiMethodV2.validateResponse(AbstractApiMethodV2.java:240)
com.qaprosoft.carina.core.foundation.api.AbstractApiMethodV2.validateResponse(AbstractApiMethodV2.java:312)
com.qaprosoft.carina.demo.APIJsonPlaceHolderTest.testCreateComment(APIJsonPlaceHolderTest.java:98)
java.base/jdk.internal.reflect.NativeMethodAccessorImpl.invoke0(Native Method)
java.base/jdk.internal.reflect.NativeMethodAccessorImpl.invoke(NativeMethodAccessorImpl.java:64)
java.base/jdk.internal.reflect.DelegatingMethodAccessorImpl.invoke(DelegatingMethodAccessorImpl.java:43)
java.base/java.lang.reflect.Method.invoke(Method.java:564)
org.testng.internal.MethodInvocationHelper.invokeMethod(MethodInvocationHelper.java:133)
org.testng.internal.TestInvoker.invokeMethod(TestInvoker.java:598)
org.testng.internal.TestInvoker.invokeTestMethod(TestInvoker.java:173)
org.testng.internal.MethodRunner.runInSequence(MethodRunner.java:46)
org.testng.internal.TestInvoker$MethodInvocationAgent.invoke(TestInvoker.java:824)
org.testng.internal.TestInvoker.invokeTestMethods(TestInvoker.java:146)
org.testng.internal.TestMethodWorker.invokeTestMethods(TestMethodWorker.java:146)
org.testng.internal.TestMethodWorker.run(TestMethodWorker.java:128)
java.base/java.util.ArrayList.forEach(ArrayList.java:1511)
org.testng.TestRunner.privateRun(TestRunner.java:794)
org.testng.TestRunner.run(TestRunner.java:596)
org.testng.SuiteRunner.runTest(SuiteRunner.java:377)
org.testng.SuiteRunner.runSequentially(SuiteRunner.java:371)
org.testng.SuiteRunner.privateRun(SuiteRunner.java:332)
org.testng.SuiteRunner.run(SuiteRunner.java:276)
org.testng.SuiteRunnerWorker.runSuite(SuiteRunnerWorker.java:53)
org.testng.SuiteRunnerWorker.run(SuiteRunnerWorker.java:96)
org.testng.TestNG.runSuitesSequentially(TestNG.java:1212)
org.testng.TestNG.runSuitesLocally(TestNG.java:1134)
org.testng.TestNG.runSuites(TestNG.java:1063)
org.testng.TestNG.run(TestNG.java:1031)
org.testng.remote.AbstractRemoteTestNG.run(AbstractRemoteTestNG.java:115)
org.testng.remote.RemoteTestNG.initAndRun(RemoteTestNG.java:251)
org.testng.remote.RemoteTestNG.main(RemoteTestNG.java:77)
